Running: C:\Xilinx\14.7\ISE_DS\ISE\bin\nt64\unwrapped\fuse.exe -intstyle ise -incremental -lib unisims_ver -lib unimacro_ver -lib xilinxcorelib_ver -lib secureip -o C:/Users/Nickj/Desktop/NickFall2017/ECE_3710/FPGA_PROJECTS/vgaController2/testVGA_isim_beh.exe -prj C:/Users/Nickj/Desktop/NickFall2017/ECE_3710/FPGA_PROJECTS/vgaController2/testVGA_beh.prj work.testVGA work.glbl 
ISim P.20131013 (signature 0x7708f090)
Number of CPUs detected in this system: 4
Turning on mult-threading, number of parallel sub-compilation jobs: 8 
Determining compilation order of HDL files
Analyzing Verilog file "C:/Users/Nickj/Desktop/NickFall2017/ECE_3710/FPGA_PROJECTS/vgaController2/signal_gen.v" into library work
Analyzing Verilog file "C:/Users/Nickj/Desktop/NickFall2017/ECE_3710/FPGA_PROJECTS/vgaController2/pixel_gen.v" into library work
Analyzing Verilog file "C:/Users/Nickj/Desktop/NickFall2017/ECE_3710/FPGA_PROJECTS/vgaController2/topVGA.v" into library work
Analyzing Verilog file "C:/Users/Nickj/Desktop/NickFall2017/ECE_3710/FPGA_PROJECTS/vgaController2/testVGA.v" into library work
Analyzing Verilog file "C:/Xilinx/14.7/ISE_DS/ISE//verilog/src/glbl.v" into library work
Starting static elaboration
Completed static elaboration
Compiling module signal_gen
Compiling module pixel_gen
Compiling module topVGA
Compiling module testVGA
Compiling module glbl
Time Resolution for simulation is 1ps.
Waiting for 1 sub-compilation(s) to finish...
Compiled 5 Verilog Units
Built simulation executable C:/Users/Nickj/Desktop/NickFall2017/ECE_3710/FPGA_PROJECTS/vgaController2/testVGA_isim_beh.exe
Fuse Memory Usage: 28568 KB
Fuse CPU Usage: 390 ms
