Release 14.7 - xst P.20131013 (nt64)
Copyright (c) 1995-2013 Xilinx, Inc.  All rights reserved.
--> Parameter TMPDIR set to xst/projnav.tmp


Total REAL time to Xst completion: 0.00 secs
Total CPU time to Xst completion: 0.09 secs
 
--> Parameter xsthdpdir set to xst


Total REAL time to Xst completion: 0.00 secs
Total CPU time to Xst completion: 0.09 secs
 
--> Reading design: topVGA.prj

TABLE OF CONTENTS
  1) Synthesis Options Summary
  2) HDL Parsing
  3) HDL Elaboration
  4) HDL Synthesis
       4.1) HDL Synthesis Report
  5) Advanced HDL Synthesis
       5.1) Advanced HDL Synthesis Report
  6) Low Level Synthesis
  7) Partition Report
  8) Design Summary
       8.1) Primitive and Black Box Usage
       8.2) Device utilization summary
       8.3) Partition Resource Summary
       8.4) Timing Report
            8.4.1) Clock Information
            8.4.2) Asynchronous Control Signals Information
            8.4.3) Timing Summary
            8.4.4) Timing Details
            8.4.5) Cross Clock Domains Report


=========================================================================
*                      Synthesis Options Summary                        *
=========================================================================
---- Source Parameters
Input File Name                    : "topVGA.prj"
Ignore Synthesis Constraint File   : NO

---- Target Parameters
Output File Name                   : "topVGA"
Output Format                      : NGC
Target Device                      : xc6slx16-2-csg324

---- Source Options
Top Module Name                    : topVGA
Automatic FSM Extraction           : YES
FSM Encoding Algorithm             : Auto
Safe Implementation                : No
FSM Style                          : LUT
RAM Extraction                     : Yes
RAM Style                          : Auto
ROM Extraction                     : Yes
Shift Register Extraction          : YES
ROM Style                          : Auto
Resource Sharing                   : YES
Asynchronous To Synchronous        : NO
Shift Register Minimum Size        : 2
Use DSP Block                      : Auto
Automatic Register Balancing       : No

---- Target Options
LUT Combining                      : Auto
Reduce Control Sets                : Auto
Add IO Buffers                     : YES
Global Maximum Fanout              : 100000
Add Generic Clock Buffer(BUFG)     : 16
Register Duplication               : YES
Optimize Instantiated Primitives   : NO
Use Clock Enable                   : Auto
Use Synchronous Set                : Auto
Use Synchronous Reset              : Auto
Pack IO Registers into IOBs        : Auto
Equivalent register Removal        : YES

---- General Options
Optimization Goal                  : Speed
Optimization Effort                : 1
Power Reduction                    : NO
Keep Hierarchy                     : No
Netlist Hierarchy                  : As_Optimized
RTL Output                         : Yes
Global Optimization                : AllClockNets
Read Cores                         : YES
Write Timing Constraints           : NO
Cross Clock Analysis               : NO
Hierarchy Separator                : /
Bus Delimiter                      : <>
Case Specifier                     : Maintain
Slice Utilization Ratio            : 100
BRAM Utilization Ratio             : 100
DSP48 Utilization Ratio            : 100
Auto BRAM Packing                  : NO
Slice Utilization Ratio Delta      : 5

=========================================================================


=========================================================================
*                          HDL Parsing                                  *
=========================================================================
Analyzing Verilog file "C:\Users\Nickj\Desktop\NickFall2017\ECE_3710\FPGA_PROJECTS\vgaController2\signal_gen.v" into library work
Parsing module <signal_gen>.
Analyzing Verilog file "C:\Users\Nickj\Desktop\NickFall2017\ECE_3710\FPGA_PROJECTS\vgaController2\pixel_gen.v" into library work
Parsing module <pixel_gen>.
Analyzing Verilog file "C:\Users\Nickj\Desktop\NickFall2017\ECE_3710\FPGA_PROJECTS\vgaController2\topVGA.v" into library work
Parsing module <topVGA>.

=========================================================================
*                            HDL Elaboration                            *
=========================================================================

Elaborating module <topVGA>.

Elaborating module <signal_gen>.

Elaborating module <pixel_gen>.

=========================================================================
*                           HDL Synthesis                               *
=========================================================================

Synthesizing Unit <topVGA>.
    Related source file is "C:\Users\Nickj\Desktop\NickFall2017\ECE_3710\FPGA_PROJECTS\vgaController2\topVGA.v".
    Summary:
	no macro.
Unit <topVGA> synthesized.

Synthesizing Unit <signal_gen>.
    Related source file is "C:\Users\Nickj\Desktop\NickFall2017\ECE_3710\FPGA_PROJECTS\vgaController2\signal_gen.v".
    Found 10-bit register for signal <row>.
    Found 1-bit register for signal <h_sync>.
    Found 1-bit register for signal <v_sync>.
    Found 2-bit register for signal <pxl_counter>.
    Found 3-bit register for signal <vgaRed>.
    Found 3-bit register for signal <vgaGreen>.
    Found 2-bit register for signal <vgaBlue>.
    Found 10-bit register for signal <col>.
    Found 10-bit adder for signal <col[9]_GND_2_o_add_3_OUT> created at line 54.
    Found 10-bit adder for signal <row[9]_GND_2_o_add_7_OUT> created at line 55.
    Found 2-bit adder for signal <nxt_pxl> created at line 68.
    Found 10-bit comparator lessequal for signal <PWR_2_o_col[9]_LessThan_1_o> created at line 49
    Found 10-bit comparator lessequal for signal <PWR_2_o_row[9]_LessThan_2_o> created at line 51
    Found 10-bit comparator lessequal for signal <n0013> created at line 57
    Found 10-bit comparator greater for signal <col[9]_PWR_2_o_LessThan_12_o> created at line 57
    Found 10-bit comparator lessequal for signal <n0017> created at line 58
    Found 10-bit comparator greater for signal <row[9]_PWR_2_o_LessThan_14_o> created at line 58
    Summary:
	inferred   3 Adder/Subtractor(s).
	inferred  32 D-type flip-flop(s).
	inferred   6 Comparator(s).
	inferred   1 Multiplexer(s).
Unit <signal_gen> synthesized.

Synthesizing Unit <pixel_gen>.
    Related source file is "C:\Users\Nickj\Desktop\NickFall2017\ECE_3710\FPGA_PROJECTS\vgaController2\pixel_gen.v".
WARNING:Xst:647 - Input <col<5:0>> is never used. This port will be preserved and left unconnected if it belongs to a top-level block or it belongs to a sub-block and the hierarchy of this sub-block is preserved.
WARNING:Xst:647 - Input <col<9:7>> is never used. This port will be preserved and left unconnected if it belongs to a top-level block or it belongs to a sub-block and the hierarchy of this sub-block is preserved.
WARNING:Xst:647 - Input <row<5:0>> is never used. This port will be preserved and left unconnected if it belongs to a top-level block or it belongs to a sub-block and the hierarchy of this sub-block is preserved.
WARNING:Xst:647 - Input <row<9:7>> is never used. This port will be preserved and left unconnected if it belongs to a top-level block or it belongs to a sub-block and the hierarchy of this sub-block is preserved.
    Found 8-bit register for signal <next_color>.
    Summary:
	inferred   8 D-type flip-flop(s).
Unit <pixel_gen> synthesized.

=========================================================================
HDL Synthesis Report

Macro Statistics
# Adders/Subtractors                                   : 3
 10-bit adder                                          : 2
 2-bit adder                                           : 1
# Registers                                            : 9
 1-bit register                                        : 2
 10-bit register                                       : 2
 2-bit register                                        : 2
 3-bit register                                        : 2
 8-bit register                                        : 1
# Comparators                                          : 6
 10-bit comparator greater                             : 2
 10-bit comparator lessequal                           : 4
# Multiplexers                                         : 1
 8-bit 2-to-1 multiplexer                              : 1
# Xors                                                 : 1
 1-bit xor2                                            : 1

=========================================================================

=========================================================================
*                       Advanced HDL Synthesis                          *
=========================================================================


Synthesizing (advanced) Unit <signal_gen>.
The following registers are absorbed into counter <row>: 1 register on signal <row>.
The following registers are absorbed into counter <pxl_counter>: 1 register on signal <pxl_counter>.
The following registers are absorbed into counter <col>: 1 register on signal <col>.
Unit <signal_gen> synthesized (advanced).

=========================================================================
Advanced HDL Synthesis Report

Macro Statistics
# Counters                                             : 3
 10-bit up counter                                     : 2
 2-bit up counter                                      : 1
# Registers                                            : 18
 Flip-Flops                                            : 18
# Comparators                                          : 6
 10-bit comparator greater                             : 2
 10-bit comparator lessequal                           : 4
# Multiplexers                                         : 1
 8-bit 2-to-1 multiplexer                              : 1
# Xors                                                 : 1
 1-bit xor2                                            : 1

=========================================================================

=========================================================================
*                         Low Level Synthesis                           *
=========================================================================

Optimizing unit <topVGA> ...

Optimizing unit <pixel_gen> ...

Optimizing unit <signal_gen> ...

Mapping all equations...
Building and optimizing final netlist ...
Found area constraint ratio of 100 (+ 5) on block topVGA, actual ratio is 0.

Final Macro Processing ...

=========================================================================
Final Register Report

Macro Statistics
# Registers                                            : 40
 Flip-Flops                                            : 40

=========================================================================

=========================================================================
*                           Partition Report                            *
=========================================================================

Partition Implementation Status
-------------------------------

  No Partitions were found in this design.

-------------------------------

=========================================================================
*                            Design Summary                             *
=========================================================================

Top Level Output File Name         : topVGA.ngc

Primitive and Black Box Usage:
------------------------------
# BELS                             : 115
#      GND                         : 1
#      INV                         : 3
#      LUT1                        : 18
#      LUT2                        : 12
#      LUT3                        : 2
#      LUT4                        : 1
#      LUT5                        : 12
#      LUT6                        : 27
#      MUXCY                       : 18
#      VCC                         : 1
#      XORCY                       : 20
# FlipFlops/Latches                : 40
#      FD                          : 32
#      FDE                         : 8
# Clock Buffers                    : 1
#      BUFGP                       : 1
# IO Buffers                       : 18
#      IBUF                        : 8
#      OBUF                        : 10

Device utilization summary:
---------------------------

Selected Device : 6slx16csg324-2 


Slice Logic Utilization: 
 Number of Slice Registers:              40  out of  18224     0%  
 Number of Slice LUTs:                   75  out of   9112     0%  
    Number used as Logic:                75  out of   9112     0%  

Slice Logic Distribution: 
 Number of LUT Flip Flop pairs used:     75
   Number with an unused Flip Flop:      35  out of     75    46%  
   Number with an unused LUT:             0  out of     75     0%  
   Number of fully used LUT-FF pairs:    40  out of     75    53%  
   Number of unique control sets:         2

IO Utilization: 
 Number of IOs:                          19
 Number of bonded IOBs:                  19  out of    232     8%  

Specific Feature Utilization:
 Number of BUFG/BUFGCTRLs:                1  out of     16     6%  

---------------------------
Partition Resource Summary:
---------------------------

  No Partitions were found in this design.

---------------------------


=========================================================================
Timing Report

NOTE: THESE TIMING NUMBERS ARE ONLY A SYNTHESIS ESTIMATE.
      FOR ACCURATE TIMING INFORMATION PLEASE REFER TO THE TRACE REPORT
      GENERATED AFTER PLACE-and-ROUTE.

Clock Information:
------------------
-----------------------------------+------------------------+-------+
Clock Signal                       | Clock buffer(FF name)  | Load  |
-----------------------------------+------------------------+-------+
clk                                | BUFGP                  | 40    |
-----------------------------------+------------------------+-------+

Asynchronous Control Signals Information:
----------------------------------------
No asynchronous control signals found in this design

Timing Summary:
---------------
Speed Grade: -2

   Minimum period: 5.037ns (Maximum Frequency: 198.531MHz)
   Minimum input arrival time before clock: 2.793ns
   Maximum output required time after clock: 4.118ns
   Maximum combinational path delay: No path found

Timing Details:
---------------
All values displayed in nanoseconds (ns)

=========================================================================
Timing constraint: Default period analysis for Clock 'clk'
  Clock period: 5.037ns (frequency: 198.531MHz)
  Total number of paths / destination ports: 945 / 48
-------------------------------------------------------------------------
Delay:               5.037ns (Levels of Logic = 3)
  Source:            sig1/pxl_counter_1 (FF)
  Destination:       sig1/col_9 (FF)
  Source Clock:      clk rising
  Destination Clock: clk rising

  Data Path: sig1/pxl_counter_1 to sig1/col_9
                                Gate     Net
    Cell:in->out      fanout   Delay   Delay  Logical Name (Net Name)
    ----------------------------------------  ------------
     FD:C->Q              24   0.525   1.488  sig1/pxl_counter_1 (sig1/pxl_counter_1)
     LUT3:I1->O            1   0.250   0.790  sig1/col[9]_PWR_2_o_equal_3_o<9>_SW2 (N8)
     LUT6:I4->O            9   0.250   1.406  sig1/line_ending1 (sig1/line_ending)
     LUT5:I0->O            1   0.254   0.000  sig1/col_9_rstpot (sig1/col_9_rstpot)
     FD:D                      0.074          sig1/col_9
    ----------------------------------------
    Total                      5.037ns (1.353ns logic, 3.684ns route)
                                       (26.9% logic, 73.1% route)

=========================================================================
Timing constraint: Default OFFSET IN BEFORE for Clock 'clk'
  Total number of paths / destination ports: 8 / 8
-------------------------------------------------------------------------
Offset:              2.793ns (Levels of Logic = 2)
  Source:            switches<7> (PAD)
  Destination:       pxl1/next_color_7 (FF)
  Destination Clock: clk rising

  Data Path: switches<7> to pxl1/next_color_7
                                Gate     Net
    Cell:in->out      fanout   Delay   Delay  Logical Name (Net Name)
    ----------------------------------------  ------------
     IBUF:I->O             1   1.328   1.137  switches_7_IBUF (switches_7_IBUF)
     LUT6:I0->O            1   0.254   0.000  pxl1/next_color_7_rstpot (pxl1/next_color_7_rstpot)
     FD:D                      0.074          pxl1/next_color_7
    ----------------------------------------
    Total                      2.793ns (1.656ns logic, 1.137ns route)
                                       (59.3% logic, 40.7% route)

=========================================================================
Timing constraint: Default OFFSET OUT AFTER for Clock 'clk'
  Total number of paths / destination ports: 10 / 10
-------------------------------------------------------------------------
Offset:              4.118ns (Levels of Logic = 1)
  Source:            sig1/vgaBlue_1 (FF)
  Destination:       vgaBlue_Pad<1> (PAD)
  Source Clock:      clk rising

  Data Path: sig1/vgaBlue_1 to vgaBlue_Pad<1>
                                Gate     Net
    Cell:in->out      fanout   Delay   Delay  Logical Name (Net Name)
    ----------------------------------------  ------------
     FDE:C->Q              1   0.525   0.681  sig1/vgaBlue_1 (sig1/vgaBlue_1)
     OBUF:I->O                 2.912          vgaBlue_Pad_1_OBUF (vgaBlue_Pad<1>)
    ----------------------------------------
    Total                      4.118ns (3.437ns logic, 0.681ns route)
                                       (83.5% logic, 16.5% route)

=========================================================================

Cross Clock Domains Report:
--------------------------

Clock to Setup on destination clock clk
---------------+---------+---------+---------+---------+
               | Src:Rise| Src:Fall| Src:Rise| Src:Fall|
Source Clock   |Dest:Rise|Dest:Rise|Dest:Fall|Dest:Fall|
---------------+---------+---------+---------+---------+
clk            |    5.037|         |         |         |
---------------+---------+---------+---------+---------+

=========================================================================


Total REAL time to Xst completion: 5.00 secs
Total CPU time to Xst completion: 5.50 secs
 
--> 

Total memory usage is 295348 kilobytes

Number of errors   :    0 (   0 filtered)
Number of warnings :    4 (   0 filtered)
Number of infos    :    0 (   0 filtered)

