Command line:
   buttonDebouncer_isim_beh.exe
     -simmode  gui
     -simrunnum  0
     -socket  61773

Thu Aug 31 08:25:23 2017


 Elaboration Time: 0.15625 sec

 Current Memory Usage: 1345.37 Meg

 Total Signals          : 18
 Total Nets             : 25
 Total Signal Drivers   : 10
 Total Blocks           : 2
 Total Primitive Blocks : 2
 Total Processes        : 16
 Total Traceable Variables  : 22
 Total Scalar Nets and Variables : 148
Total Line Count : 52

 Total Simulation Time: 0.203125 sec

 Current Memory Usage: 1345.37 Meg

Thu Aug 31 08:25:43 2017

