Release 14.7 - xst P.20131013 (nt64)
Copyright (c) 1995-2013 Xilinx, Inc.  All rights reserved.
--> Parameter TMPDIR set to xst/projnav.tmp


Total REAL time to Xst completion: 0.00 secs
Total CPU time to Xst completion: 0.12 secs
 
--> Parameter xsthdpdir set to xst


Total REAL time to Xst completion: 0.00 secs
Total CPU time to Xst completion: 0.12 secs
 
--> Reading design: vgaController.prj

TABLE OF CONTENTS
  1) Synthesis Options Summary
  2) HDL Parsing
  3) HDL Elaboration
  4) HDL Synthesis
       4.1) HDL Synthesis Report
  5) Advanced HDL Synthesis
       5.1) Advanced HDL Synthesis Report
  6) Low Level Synthesis
  7) Partition Report
  8) Design Summary
       8.1) Primitive and Black Box Usage
       8.2) Device utilization summary
       8.3) Partition Resource Summary
       8.4) Timing Report
            8.4.1) Clock Information
            8.4.2) Asynchronous Control Signals Information
            8.4.3) Timing Summary
            8.4.4) Timing Details
            8.4.5) Cross Clock Domains Report


=========================================================================
*                      Synthesis Options Summary                        *
=========================================================================
---- Source Parameters
Input File Name                    : "vgaController.prj"
Ignore Synthesis Constraint File   : NO

---- Target Parameters
Output File Name                   : "vgaController"
Output Format                      : NGC
Target Device                      : xc6slx16-2-csg324

---- Source Options
Top Module Name                    : vgaController
Automatic FSM Extraction           : YES
FSM Encoding Algorithm             : Auto
Safe Implementation                : No
FSM Style                          : LUT
RAM Extraction                     : Yes
RAM Style                          : Auto
ROM Extraction                     : Yes
Shift Register Extraction          : YES
ROM Style                          : Auto
Resource Sharing                   : YES
Asynchronous To Synchronous        : NO
Shift Register Minimum Size        : 2
Use DSP Block                      : Auto
Automatic Register Balancing       : No

---- Target Options
LUT Combining                      : Auto
Reduce Control Sets                : Auto
Add IO Buffers                     : YES
Global Maximum Fanout              : 100000
Add Generic Clock Buffer(BUFG)     : 16
Register Duplication               : YES
Optimize Instantiated Primitives   : NO
Use Clock Enable                   : Auto
Use Synchronous Set                : Auto
Use Synchronous Reset              : Auto
Pack IO Registers into IOBs        : Auto
Equivalent register Removal        : YES

---- General Options
Optimization Goal                  : Speed
Optimization Effort                : 1
Power Reduction                    : NO
Keep Hierarchy                     : No
Netlist Hierarchy                  : As_Optimized
RTL Output                         : Yes
Global Optimization                : AllClockNets
Read Cores                         : YES
Write Timing Constraints           : NO
Cross Clock Analysis               : NO
Hierarchy Separator                : /
Bus Delimiter                      : <>
Case Specifier                     : Maintain
Slice Utilization Ratio            : 100
BRAM Utilization Ratio             : 100
DSP48 Utilization Ratio            : 100
Auto BRAM Packing                  : NO
Slice Utilization Ratio Delta      : 5

=========================================================================


=========================================================================
*                          HDL Parsing                                  *
=========================================================================
Analyzing Verilog file "C:\Users\Nickj\Desktop\NickFall2017\ECE_3710\FPGA_PROJECTS\Assign2_VGA\vgaController.v" into library work
Parsing module <vgaController>.

=========================================================================
*                            HDL Elaboration                            *
=========================================================================

Elaborating module <vgaController>.

=========================================================================
*                           HDL Synthesis                               *
=========================================================================

Synthesizing Unit <vgaController>.
    Related source file is "C:\Users\Nickj\Desktop\NickFall2017\ECE_3710\FPGA_PROJECTS\Assign2_VGA\vgaController.v".
    Found 10-bit register for signal <row>.
    Found 1-bit register for signal <h_sync>.
    Found 1-bit register for signal <v_sync>.
    Found 2-bit register for signal <pxl_counter>.
    Found 3-bit register for signal <vgaRed>.
    Found 3-bit register for signal <vgaGreen>.
    Found 2-bit register for signal <vgaBlue>.
    Found 10-bit register for signal <col>.
    Found 10-bit adder for signal <col[9]_GND_1_o_add_3_OUT> created at line 78.
    Found 10-bit adder for signal <row[9]_GND_1_o_add_7_OUT> created at line 79.
    Found 2-bit adder for signal <nxt_pxl> created at line 92.
    Found 10-bit comparator lessequal for signal <PWR_1_o_col[9]_LessThan_1_o> created at line 74
    Found 10-bit comparator lessequal for signal <PWR_1_o_row[9]_LessThan_2_o> created at line 76
    Found 10-bit comparator lessequal for signal <n0011> created at line 81
    Found 10-bit comparator greater for signal <col[9]_PWR_1_o_LessThan_12_o> created at line 81
    Found 10-bit comparator lessequal for signal <n0015> created at line 82
    Found 10-bit comparator greater for signal <row[9]_PWR_1_o_LessThan_14_o> created at line 82
    Summary:
	inferred   3 Adder/Subtractor(s).
	inferred  32 D-type flip-flop(s).
	inferred   6 Comparator(s).
	inferred   1 Multiplexer(s).
Unit <vgaController> synthesized.

=========================================================================
HDL Synthesis Report

Macro Statistics
# Adders/Subtractors                                   : 3
 10-bit adder                                          : 2
 2-bit adder                                           : 1
# Registers                                            : 8
 1-bit register                                        : 2
 10-bit register                                       : 2
 2-bit register                                        : 2
 3-bit register                                        : 2
# Comparators                                          : 6
 10-bit comparator greater                             : 2
 10-bit comparator lessequal                           : 4
# Multiplexers                                         : 1
 8-bit 2-to-1 multiplexer                              : 1
# Xors                                                 : 1
 1-bit xor2                                            : 1

=========================================================================

=========================================================================
*                       Advanced HDL Synthesis                          *
=========================================================================

WARNING:Xst:2404 -  FFs/Latches <vgaRed<2:0>> (without init value) have a constant value of 0 in block <vgaController>.

Synthesizing (advanced) Unit <vgaController>.
The following registers are absorbed into counter <pxl_counter>: 1 register on signal <pxl_counter>.
The following registers are absorbed into counter <row>: 1 register on signal <row>.
The following registers are absorbed into counter <col>: 1 register on signal <col>.
Unit <vgaController> synthesized (advanced).

=========================================================================
Advanced HDL Synthesis Report

Macro Statistics
# Counters                                             : 3
 10-bit up counter                                     : 2
 2-bit up counter                                      : 1
# Registers                                            : 7
 Flip-Flops                                            : 7
# Comparators                                          : 6
 10-bit comparator greater                             : 2
 10-bit comparator lessequal                           : 4
# Xors                                                 : 1
 1-bit xor2                                            : 1

=========================================================================

=========================================================================
*                         Low Level Synthesis                           *
=========================================================================
WARNING:Xst:1710 - FF/Latch <vgaGreen_0> (without init value) has a constant value of 0 in block <vgaController>. This FF/Latch will be trimmed during the optimization process.
INFO:Xst:2261 - The FF/Latch <vgaGreen_1> in Unit <vgaController> is equivalent to the following FF/Latch, which will be removed : <vgaGreen_2> 
INFO:Xst:2261 - The FF/Latch <vgaBlue_0> in Unit <vgaController> is equivalent to the following FF/Latch, which will be removed : <vgaBlue_1> 

Optimizing unit <vgaController> ...
INFO:Xst:2261 - The FF/Latch <vgaGreen_1> in Unit <vgaController> is equivalent to the following FF/Latch, which will be removed : <vgaBlue_0> 

Mapping all equations...
Building and optimizing final netlist ...
Found area constraint ratio of 100 (+ 5) on block vgaController, actual ratio is 0.

Final Macro Processing ...

=========================================================================
Final Register Report

Macro Statistics
# Registers                                            : 25
 Flip-Flops                                            : 25

=========================================================================

=========================================================================
*                           Partition Report                            *
=========================================================================

Partition Implementation Status
-------------------------------

  No Partitions were found in this design.

-------------------------------

=========================================================================
*                            Design Summary                             *
=========================================================================

Top Level Output File Name         : vgaController.ngc

Primitive and Black Box Usage:
------------------------------
# BELS                             : 98
#      GND                         : 1
#      INV                         : 3
#      LUT1                        : 18
#      LUT2                        : 4
#      LUT3                        : 1
#      LUT4                        : 3
#      LUT5                        : 12
#      LUT6                        : 17
#      MUXCY                       : 18
#      VCC                         : 1
#      XORCY                       : 20
# FlipFlops/Latches                : 25
#      FD                          : 25
# Clock Buffers                    : 1
#      BUFGP                       : 1
# IO Buffers                       : 10
#      OBUF                        : 10

Device utilization summary:
---------------------------

Selected Device : 6slx16csg324-2 


Slice Logic Utilization: 
 Number of Slice Registers:              25  out of  18224     0%  
 Number of Slice LUTs:                   58  out of   9112     0%  
    Number used as Logic:                58  out of   9112     0%  

Slice Logic Distribution: 
 Number of LUT Flip Flop pairs used:     58
   Number with an unused Flip Flop:      33  out of     58    56%  
   Number with an unused LUT:             0  out of     58     0%  
   Number of fully used LUT-FF pairs:    25  out of     58    43%  
   Number of unique control sets:         1

IO Utilization: 
 Number of IOs:                          11
 Number of bonded IOBs:                  11  out of    232     4%  

Specific Feature Utilization:
 Number of BUFG/BUFGCTRLs:                1  out of     16     6%  

---------------------------
Partition Resource Summary:
---------------------------

  No Partitions were found in this design.

---------------------------


=========================================================================
Timing Report

NOTE: THESE TIMING NUMBERS ARE ONLY A SYNTHESIS ESTIMATE.
      FOR ACCURATE TIMING INFORMATION PLEASE REFER TO THE TRACE REPORT
      GENERATED AFTER PLACE-and-ROUTE.

Clock Information:
------------------
-----------------------------------+------------------------+-------+
Clock Signal                       | Clock buffer(FF name)  | Load  |
-----------------------------------+------------------------+-------+
clk                                | BUFGP                  | 25    |
-----------------------------------+------------------------+-------+

Asynchronous Control Signals Information:
----------------------------------------
No asynchronous control signals found in this design

Timing Summary:
---------------
Speed Grade: -2

   Minimum period: 4.549ns (Maximum Frequency: 219.829MHz)
   Minimum input arrival time before clock: No path found
   Maximum output required time after clock: 4.240ns
   Maximum combinational path delay: No path found

Timing Details:
---------------
All values displayed in nanoseconds (ns)

=========================================================================
Timing constraint: Default period analysis for Clock 'clk'
  Clock period: 4.549ns (frequency: 219.829MHz)
  Total number of paths / destination ports: 520 / 25
-------------------------------------------------------------------------
Delay:               4.549ns (Levels of Logic = 3)
  Source:            pxl_counter_1 (FF)
  Destination:       col_1 (FF)
  Source Clock:      clk rising
  Destination Clock: clk rising

  Data Path: pxl_counter_1 to col_1
                                Gate     Net
    Cell:in->out      fanout   Delay   Delay  Logical Name (Net Name)
    ----------------------------------------  ------------
     FD:C->Q              11   0.525   1.147  pxl_counter_1 (pxl_counter_1)
     LUT2:I0->O           12   0.250   1.069  pxl_ending<1>1 (pxl_ending)
     LUT6:I5->O            9   0.254   0.976  line_ending1 (line_ending)
     LUT5:I4->O            1   0.254   0.000  col_1_rstpot (col_1_rstpot)
     FD:D                      0.074          col_1
    ----------------------------------------
    Total                      4.549ns (1.357ns logic, 3.192ns route)
                                       (29.8% logic, 70.2% route)

=========================================================================
Timing constraint: Default OFFSET OUT AFTER for Clock 'clk'
  Total number of paths / destination ports: 6 / 6
-------------------------------------------------------------------------
Offset:              4.240ns (Levels of Logic = 1)
  Source:            vgaGreen_1 (FF)
  Destination:       vgaBlue<1> (PAD)
  Source Clock:      clk rising

  Data Path: vgaGreen_1 to vgaBlue<1>
                                Gate     Net
    Cell:in->out      fanout   Delay   Delay  Logical Name (Net Name)
    ----------------------------------------  ------------
     FD:C->Q               4   0.525   0.803  vgaGreen_1 (vgaGreen_1)
     OBUF:I->O                 2.912          vgaBlue_1_OBUF (vgaBlue<1>)
    ----------------------------------------
    Total                      4.240ns (3.437ns logic, 0.803ns route)
                                       (81.1% logic, 18.9% route)

=========================================================================

Cross Clock Domains Report:
--------------------------

Clock to Setup on destination clock clk
---------------+---------+---------+---------+---------+
               | Src:Rise| Src:Fall| Src:Rise| Src:Fall|
Source Clock   |Dest:Rise|Dest:Rise|Dest:Fall|Dest:Fall|
---------------+---------+---------+---------+---------+
clk            |    4.549|         |         |         |
---------------+---------+---------+---------+---------+

=========================================================================


Total REAL time to Xst completion: 5.00 secs
Total CPU time to Xst completion: 5.54 secs
 
--> 

Total memory usage is 295028 kilobytes

Number of errors   :    0 (   0 filtered)
Number of warnings :    2 (   0 filtered)
Number of infos    :    3 (   0 filtered)

