Release 14.7 - xst P.20131013 (nt64)
Copyright (c) 1995-2013 Xilinx, Inc.  All rights reserved.
--> Parameter TMPDIR set to xst/projnav.tmp


Total REAL time to Xst completion: 0.00 secs
Total CPU time to Xst completion: 0.11 secs
 
--> Parameter xsthdpdir set to xst


Total REAL time to Xst completion: 0.00 secs
Total CPU time to Xst completion: 0.11 secs
 
--> Reading design: btnDebouncer.prj

TABLE OF CONTENTS
  1) Synthesis Options Summary
  2) HDL Parsing
  3) HDL Elaboration
  4) HDL Synthesis
       4.1) HDL Synthesis Report
  5) Advanced HDL Synthesis
       5.1) Advanced HDL Synthesis Report
  6) Low Level Synthesis
  7) Partition Report
  8) Design Summary
       8.1) Primitive and Black Box Usage
       8.2) Device utilization summary
       8.3) Partition Resource Summary
       8.4) Timing Report
            8.4.1) Clock Information
            8.4.2) Asynchronous Control Signals Information
            8.4.3) Timing Summary
            8.4.4) Timing Details
            8.4.5) Cross Clock Domains Report


=========================================================================
*                      Synthesis Options Summary                        *
=========================================================================
---- Source Parameters
Input File Name                    : "btnDebouncer.prj"
Ignore Synthesis Constraint File   : NO

---- Target Parameters
Output File Name                   : "btnDebouncer"
Output Format                      : NGC
Target Device                      : xc6slx16-3-csg324

---- Source Options
Top Module Name                    : btnDebouncer
Automatic FSM Extraction           : YES
FSM Encoding Algorithm             : Auto
Safe Implementation                : No
FSM Style                          : LUT
RAM Extraction                     : Yes
RAM Style                          : Auto
ROM Extraction                     : Yes
Shift Register Extraction          : YES
ROM Style                          : Auto
Resource Sharing                   : YES
Asynchronous To Synchronous        : NO
Shift Register Minimum Size        : 2
Use DSP Block                      : Auto
Automatic Register Balancing       : No

---- Target Options
LUT Combining                      : Auto
Reduce Control Sets                : Auto
Add IO Buffers                     : YES
Global Maximum Fanout              : 100000
Add Generic Clock Buffer(BUFG)     : 16
Register Duplication               : YES
Optimize Instantiated Primitives   : NO
Use Clock Enable                   : Auto
Use Synchronous Set                : Auto
Use Synchronous Reset              : Auto
Pack IO Registers into IOBs        : Auto
Equivalent register Removal        : YES

---- General Options
Optimization Goal                  : Speed
Optimization Effort                : 1
Power Reduction                    : NO
Keep Hierarchy                     : No
Netlist Hierarchy                  : As_Optimized
RTL Output                         : Yes
Global Optimization                : AllClockNets
Read Cores                         : YES
Write Timing Constraints           : NO
Cross Clock Analysis               : NO
Hierarchy Separator                : /
Bus Delimiter                      : <>
Case Specifier                     : Maintain
Slice Utilization Ratio            : 100
BRAM Utilization Ratio             : 100
DSP48 Utilization Ratio            : 100
Auto BRAM Packing                  : NO
Slice Utilization Ratio Delta      : 5

=========================================================================


=========================================================================
*                          HDL Parsing                                  *
=========================================================================
Analyzing Verilog file "C:\Users\Nickj\Desktop\NickFall2017\ECE_3710\FPGA_PROJECTS\assign1B\btnDebouncer.v" into library work
Parsing module <btnDebouncer>.

=========================================================================
*                            HDL Elaboration                            *
=========================================================================

Elaborating module <btnDebouncer>.

=========================================================================
*                           HDL Synthesis                               *
=========================================================================

Synthesizing Unit <btnDebouncer>.
    Related source file is "C:\Users\Nickj\Desktop\NickFall2017\ECE_3710\FPGA_PROJECTS\assign1B\btnDebouncer.v".
    Found 17-bit register for signal <smpFreqCntr>.
    Found 1-bit register for signal <btnPressed>.
    Found 8-bit register for signal <satCounter>.
    Found 1-bit register for signal <smpClk>.
    Found 17-bit adder for signal <smpFreqCntr[16]_GND_1_o_add_2_OUT> created at line 52.
    Found 17-bit comparator greater for signal <n0001> created at line 44
    Summary:
	inferred   1 Adder/Subtractor(s).
	inferred  27 D-type flip-flop(s).
	inferred   1 Comparator(s).
Unit <btnDebouncer> synthesized.

=========================================================================
HDL Synthesis Report

Macro Statistics
# Adders/Subtractors                                   : 1
 17-bit adder                                          : 1
# Registers                                            : 4
 1-bit register                                        : 2
 17-bit register                                       : 1
 8-bit register                                        : 1
# Comparators                                          : 1
 17-bit comparator greater                             : 1

=========================================================================

=========================================================================
*                       Advanced HDL Synthesis                          *
=========================================================================


Synthesizing (advanced) Unit <btnDebouncer>.
The following registers are absorbed into counter <smpFreqCntr>: 1 register on signal <smpFreqCntr>.
Unit <btnDebouncer> synthesized (advanced).

=========================================================================
Advanced HDL Synthesis Report

Macro Statistics
# Counters                                             : 1
 17-bit up counter                                     : 1
# Registers                                            : 10
 Flip-Flops                                            : 10
# Comparators                                          : 1
 17-bit comparator greater                             : 1

=========================================================================

=========================================================================
*                         Low Level Synthesis                           *
=========================================================================

Optimizing unit <btnDebouncer> ...

Mapping all equations...
Building and optimizing final netlist ...
Found area constraint ratio of 100 (+ 5) on block btnDebouncer, actual ratio is 0.

Final Macro Processing ...

=========================================================================
Final Register Report

Macro Statistics
# Registers                                            : 27
 Flip-Flops                                            : 27

=========================================================================

=========================================================================
*                           Partition Report                            *
=========================================================================

Partition Implementation Status
-------------------------------

  No Partitions were found in this design.

-------------------------------

=========================================================================
*                            Design Summary                             *
=========================================================================

Top Level Output File Name         : btnDebouncer.ngc

Primitive and Black Box Usage:
------------------------------
# BELS                             : 87
#      GND                         : 1
#      INV                         : 1
#      LUT1                        : 16
#      LUT2                        : 22
#      LUT3                        : 1
#      LUT6                        : 12
#      MUXCY                       : 16
#      VCC                         : 1
#      XORCY                       : 17
# FlipFlops/Latches                : 27
#      FD                          : 27
# Clock Buffers                    : 1
#      BUFGP                       : 1
# IO Buffers                       : 3
#      IBUF                        : 1
#      OBUF                        : 2

Device utilization summary:
---------------------------

Selected Device : 6slx16csg324-3 


Slice Logic Utilization: 
 Number of Slice Registers:              27  out of  18224     0%  
 Number of Slice LUTs:                   52  out of   9112     0%  
    Number used as Logic:                52  out of   9112     0%  

Slice Logic Distribution: 
 Number of LUT Flip Flop pairs used:     52
   Number with an unused Flip Flop:      25  out of     52    48%  
   Number with an unused LUT:             0  out of     52     0%  
   Number of fully used LUT-FF pairs:    27  out of     52    51%  
   Number of unique control sets:         2

IO Utilization: 
 Number of IOs:                           4
 Number of bonded IOBs:                   4  out of    232     1%  

Specific Feature Utilization:
 Number of BUFG/BUFGCTRLs:                1  out of     16     6%  

---------------------------
Partition Resource Summary:
---------------------------

  No Partitions were found in this design.

---------------------------


=========================================================================
Timing Report

NOTE: THESE TIMING NUMBERS ARE ONLY A SYNTHESIS ESTIMATE.
      FOR ACCURATE TIMING INFORMATION PLEASE REFER TO THE TRACE REPORT
      GENERATED AFTER PLACE-and-ROUTE.

Clock Information:
------------------
-----------------------------------+------------------------+-------+
Clock Signal                       | Clock buffer(FF name)  | Load  |
-----------------------------------+------------------------+-------+
clock                              | BUFGP                  | 18    |
smpClk                             | NONE(satCounter_0)     | 9     |
-----------------------------------+------------------------+-------+
INFO:Xst:2169 - HDL ADVISOR - Some clock signals were not automatically buffered by XST with BUFG/BUFR resources. Please use the buffer_type constraint in order to insert these buffers to the clock signals to help prevent skew problems.

Asynchronous Control Signals Information:
----------------------------------------
No asynchronous control signals found in this design

Timing Summary:
---------------
Speed Grade: -3

   Minimum period: 3.788ns (Maximum Frequency: 263.971MHz)
   Minimum input arrival time before clock: 2.748ns
   Maximum output required time after clock: 3.597ns
   Maximum combinational path delay: 4.649ns

Timing Details:
---------------
All values displayed in nanoseconds (ns)

=========================================================================
Timing constraint: Default period analysis for Clock 'clock'
  Clock period: 3.788ns (frequency: 263.971MHz)
  Total number of paths / destination ports: 370 / 18
-------------------------------------------------------------------------
Delay:               3.788ns (Levels of Logic = 3)
  Source:            smpFreqCntr_10 (FF)
  Destination:       smpFreqCntr_0 (FF)
  Source Clock:      clock rising
  Destination Clock: clock rising

  Data Path: smpFreqCntr_10 to smpFreqCntr_0
                                Gate     Net
    Cell:in->out      fanout   Delay   Delay  Logical Name (Net Name)
    ----------------------------------------  ------------
     FD:C->Q               2   0.447   0.981  smpFreqCntr_10 (smpFreqCntr_10)
     LUT6:I0->O            2   0.203   0.617  n0001_inv2 (n0001_inv2)
     LUT6:I5->O           17   0.205   1.028  n0001_inv3 (n0001_inv)
     LUT2:I1->O            1   0.205   0.000  smpFreqCntr_0_rstpot (smpFreqCntr_0_rstpot)
     FD:D                      0.102          smpFreqCntr_0
    ----------------------------------------
    Total                      3.788ns (1.162ns logic, 2.626ns route)
                                       (30.7% logic, 69.3% route)

=========================================================================
Timing constraint: Default period analysis for Clock 'smpClk'
  Clock period: 3.419ns (frequency: 292.496MHz)
  Total number of paths / destination ports: 77 / 9
-------------------------------------------------------------------------
Delay:               3.419ns (Levels of Logic = 3)
  Source:            satCounter_2 (FF)
  Destination:       btnPressed (FF)
  Source Clock:      smpClk rising
  Destination Clock: smpClk rising

  Data Path: satCounter_2 to btnPressed
                                Gate     Net
    Cell:in->out      fanout   Delay   Delay  Logical Name (Net Name)
    ----------------------------------------  ------------
     FD:C->Q               2   0.447   0.845  satCounter_2 (satCounter_2)
     LUT3:I0->O            9   0.205   0.830  satCounter[7]_PWR_1_o_equal_7_o<7>_SW0 (N3)
     LUT6:I5->O            1   0.205   0.580  satCounter[7]_PWR_1_o_equal_7_o<7> (satCounter[7]_PWR_1_o_equal_7_o)
     LUT2:I1->O            1   0.205   0.000  btnPressed_rstpot (btnPressed_rstpot)
     FD:D                      0.102          btnPressed
    ----------------------------------------
    Total                      3.419ns (1.164ns logic, 2.255ns route)
                                       (34.0% logic, 66.0% route)

=========================================================================
Timing constraint: Default OFFSET IN BEFORE for Clock 'smpClk'
  Total number of paths / destination ports: 9 / 9
-------------------------------------------------------------------------
Offset:              2.748ns (Levels of Logic = 2)
  Source:            button (PAD)
  Destination:       satCounter_0 (FF)
  Destination Clock: smpClk rising

  Data Path: button to satCounter_0
                                Gate     Net
    Cell:in->out      fanout   Delay   Delay  Logical Name (Net Name)
    ----------------------------------------  ------------
     IBUF:I->O            10   1.222   1.221  button_IBUF (testButton_OBUF)
     LUT6:I0->O            1   0.203   0.000  satCounter_0_rstpot1 (satCounter_0_rstpot)
     FD:D                      0.102          satCounter_0
    ----------------------------------------
    Total                      2.748ns (1.527ns logic, 1.221ns route)
                                       (55.6% logic, 44.4% route)

=========================================================================
Timing constraint: Default OFFSET OUT AFTER for Clock 'smpClk'
  Total number of paths / destination ports: 1 / 1
-------------------------------------------------------------------------
Offset:              3.597ns (Levels of Logic = 1)
  Source:            btnPressed (FF)
  Destination:       btnPressed (PAD)
  Source Clock:      smpClk rising

  Data Path: btnPressed to btnPressed
                                Gate     Net
    Cell:in->out      fanout   Delay   Delay  Logical Name (Net Name)
    ----------------------------------------  ------------
     FD:C->Q               1   0.447   0.579  btnPressed (btnPressed_OBUF)
     OBUF:I->O                 2.571          btnPressed_OBUF (btnPressed)
    ----------------------------------------
    Total                      3.597ns (3.018ns logic, 0.579ns route)
                                       (83.9% logic, 16.1% route)

=========================================================================
Timing constraint: Default path analysis
  Total number of paths / destination ports: 1 / 1
-------------------------------------------------------------------------
Delay:               4.649ns (Levels of Logic = 2)
  Source:            button (PAD)
  Destination:       testButton (PAD)

  Data Path: button to testButton
                                Gate     Net
    Cell:in->out      fanout   Delay   Delay  Logical Name (Net Name)
    ----------------------------------------  ------------
     IBUF:I->O            10   1.222   0.856  button_IBUF (testButton_OBUF)
     OBUF:I->O                 2.571          testButton_OBUF (testButton)
    ----------------------------------------
    Total                      4.649ns (3.793ns logic, 0.856ns route)
                                       (81.6% logic, 18.4% route)

=========================================================================

Cross Clock Domains Report:
--------------------------

Clock to Setup on destination clock clock
---------------+---------+---------+---------+---------+
               | Src:Rise| Src:Fall| Src:Rise| Src:Fall|
Source Clock   |Dest:Rise|Dest:Rise|Dest:Fall|Dest:Fall|
---------------+---------+---------+---------+---------+
clock          |    3.788|         |         |         |
---------------+---------+---------+---------+---------+

Clock to Setup on destination clock smpClk
---------------+---------+---------+---------+---------+
               | Src:Rise| Src:Fall| Src:Rise| Src:Fall|
Source Clock   |Dest:Rise|Dest:Rise|Dest:Fall|Dest:Fall|
---------------+---------+---------+---------+---------+
smpClk         |    3.419|         |         |         |
---------------+---------+---------+---------+---------+

=========================================================================


Total REAL time to Xst completion: 7.00 secs
Total CPU time to Xst completion: 7.11 secs
 
--> 

Total memory usage is 295028 kilobytes

Number of errors   :    0 (   0 filtered)
Number of warnings :    0 (   0 filtered)
Number of infos    :    1 (   0 filtered)

