--------------------------------------------------------------------------------
Release 14.7 Trace  (nt64)
Copyright (c) 1995-2013 Xilinx, Inc.  All rights reserved.

C:\Xilinx\14.7\ISE_DS\ISE\bin\nt64\unwrapped\trce.exe -intstyle ise -v 3 -s 3
-n 3 -fastpaths -xml seg_7.twx seg_7.ncd -o seg_7.twr seg_7.pcf

Design file:              seg_7.ncd
Physical constraint file: seg_7.pcf
Device,package,speed:     xc6slx16,csg324,C,-3 (PRODUCTION 1.23 2013-10-13)
Report level:             verbose report

Environment Variable      Effect 
--------------------      ------ 
NONE                      No environment variables were set
--------------------------------------------------------------------------------

INFO:Timing:2698 - No timing constraints found, doing default enumeration.
INFO:Timing:3412 - To improve timing, see the Timing Closure User Guide (UG612).
INFO:Timing:2752 - To get complete path coverage, use the unconstrained paths 
   option. All paths that are not constrained will be reported in the 
   unconstrained paths section(s) of the report.
INFO:Timing:3339 - The clock-to-out numbers in this timing report are based on 
   a 50 Ohm transmission line loading model.  For the details of this model, 
   and for more information on accounting for different loading conditions, 
   please see the device datasheet.



Data Sheet report:
-----------------
All values displayed in nanoseconds (ns)

Pad to Pad
---------------+---------------+---------+
Source Pad     |Destination Pad|  Delay  |
---------------+---------------+---------+
selectHex<0>   |segVal<0>      |    6.725|
selectHex<0>   |segVal<1>      |    6.471|
selectHex<0>   |segVal<2>      |    6.853|
selectHex<0>   |segVal<3>      |    6.789|
selectHex<0>   |segVal<4>      |    6.868|
selectHex<0>   |segVal<5>      |    6.786|
selectHex<0>   |segVal<6>      |    6.667|
selectHex<1>   |segVal<0>      |    6.915|
selectHex<1>   |segVal<1>      |    6.375|
selectHex<1>   |segVal<2>      |    6.939|
selectHex<1>   |segVal<3>      |    6.979|
selectHex<1>   |segVal<4>      |    6.632|
selectHex<1>   |segVal<5>      |    6.872|
selectHex<1>   |segVal<6>      |    6.431|
selectHex<2>   |segVal<0>      |    6.266|
selectHex<2>   |segVal<1>      |    6.341|
selectHex<2>   |segVal<2>      |    6.324|
selectHex<2>   |segVal<3>      |    6.330|
selectHex<2>   |segVal<4>      |    6.502|
selectHex<2>   |segVal<5>      |    6.257|
selectHex<2>   |segVal<6>      |    6.301|
selectHex<3>   |segVal<0>      |    6.449|
selectHex<3>   |segVal<1>      |    6.331|
selectHex<3>   |segVal<2>      |    6.396|
selectHex<3>   |segVal<3>      |    6.513|
selectHex<3>   |segVal<4>      |    6.368|
selectHex<3>   |segVal<5>      |    6.329|
selectHex<3>   |segVal<6>      |    6.167|
---------------+---------------+---------+


Analysis completed Wed Aug 30 23:27:01 2017 
--------------------------------------------------------------------------------

Trace Settings:
-------------------------
Trace Settings 

Peak Memory Usage: 225 MB



